Server running at http://localhost:3006
➡️ GET /api/users
➡️ GET /api/tasks
➡️ GET /api/users
➡️ GET /api/users
➡️ GET /api/users
➡️ GET /api/tasks
➡️ GET /api/users
➡️ GET /api/tasks
➡️ GET /api/users
➡️ GET /api/tasks
➡️ GET /api/users
➡️ GET /api/users
➡️ GET /api/users
➡️ GET /api/tasks
➡️ GET /api/users
➡️ GET /api/tasks
➡️ GET /api/users
➡️ GET /api/users
➡️ GET /api/users
➡️ GET /api/tasks
➡️ GET /api/users
➡️ GET /api/tasks
➡️ GET /api/users
➡️ GET /api/users
➡️ GET /api/users
➡️ GET /api/tasks
➡️ GET /api/users
➡️ GET /api/tasks
➡️ GET /api/users
➡️ GET /api/users
➡️ POST /api/tasks
➡️ PUT /api/tasks/4/assign
➡️ PATCH /api/tasks/4/status
➡️ PATCH /api/tasks/4/status
➡️ PUT /api/tasks/4/assign
